<?xml version="1.0" encoding="UTF-8"?>
<!-- Generated by org.testng.reporters.JUnitXMLReporter -->
<testsuite hostname="Bansal-PC" ignored="0" name="Default test" tests="6" failures="0" timestamp="15 Apr 2018 05:25:10 GMT" time="72.945" errors="0">
  <testcase name="VerifyInvalidLogin" time="0.576" classname="com.jbk.Login_DP_Excel"/>
  <testcase name="VerifyInvalidLogin" time="1.298" classname="com.jbk.Login_DP_Excel"/>
  <testcase name="VerifyInvalidLogin" time="1.451" classname="com.jbk.Login_DP_Excel"/>
  <testcase name="VerifyInvalidLogin" time="1.336" classname="com.jbk.Login_DP_Excel"/>
  <testcase name="VerifyInvalidLogin" time="2.124" classname="com.jbk.Login_DP_Excel"/>
  <testcase name="VerifyInvalidLogin" time="2.525" classname="com.jbk.Login_DP_Excel"/>
</testsuite> <!-- Default test -->
